-------------------------------------------------------------------------------
Test set: edu.eci.patricia.geolocalization.entrypoints.rest.controller.GeoControllerTest
-------------------------------------------------------------------------------
Tests run: 3, Failures: 0, Errors: 3, Skipped: 0, Time elapsed: 0.069 s <<< FAILURE! -- in edu.eci.patricia.geolocalization.entrypoints.rest.controller.GeoControllerTest
edu.eci.patricia.geolocalization.entrypoints.rest.controller.GeoControllerTest.shouldReturn401WhenNotAuthenticated -- Time elapsed: 0.012 s <<< ERROR!
java.lang.Error: 
Unresolved compilation problems: 
	The import org.springframework.boot.test.autoconfigure.web cannot be resolved
	WebMvcTest cannot be resolved to a type

	at edu.eci.patricia.geolocalization.entrypoints.rest.controller.GeoControllerTest.<init>(GeoControllerTest.java:13)

edu.eci.patricia.geolocalization.entrypoints.rest.controller.GeoControllerTest.shouldReturnLocationOnGetByUserId -- Time elapsed: 0.014 s <<< ERROR!
java.lang.Error: 
Unresolved compilation problems: 
	The import org.springframework.boot.test.autoconfigure.web cannot be resolved
	WebMvcTest cannot be resolved to a type

	at edu.eci.patricia.geolocalization.entrypoints.rest.controller.GeoControllerTest.<init>(GeoControllerTest.java:13)

edu.eci.patricia.geolocalization.entrypoints.rest.controller.GeoControllerTest.shouldReturnNearbyUsers -- Time elapsed: 0.002 s <<< ERROR!
java.lang.Error: 
Unresolved compilation problems: 
	The import org.springframework.boot.test.autoconfigure.web cannot be resolved
	WebMvcTest cannot be resolved to a type

	at edu.eci.patricia.geolocalization.entrypoints.rest.controller.GeoControllerTest.<init>(GeoControllerTest.java:13)

